[WP STAGING Shutdown Function][E_NOTICE][2024-07-04 12:16:38] Undefined property: stdClass::$stable_version - File: /home/customer/www/learnwithcap.com/public_html/wp-content/plugins/wp-staging-pro/Backend/Pro/Licensing/Version.php Line: 122 | Is it Fatal Error? No | Is it Thrown by WP STAGING? Yes
[WP STAGING Shutdown Function][E_NOTICE][2024-07-06 12:01:09] Undefined property: stdClass::$stable_version - File: /home/customer/www/learnwithcap.com/public_html/wp-content/plugins/wp-staging-pro/Backend/Pro/Licensing/Version.php Line: 122 | Is it Fatal Error? No | Is it Thrown by WP STAGING? Yes
[WP STAGING Shutdown Function][E_NOTICE][2024-07-08 12:09:58] Undefined property: stdClass::$stable_version - File: /home/customer/www/learnwithcap.com/public_html/wp-content/plugins/wp-staging-pro/Backend/Pro/Licensing/Version.php Line: 122 | Is it Fatal Error? No | Is it Thrown by WP STAGING? Yes
[WP STAGING Shutdown Function][E_NOTICE][2024-07-10 12:19:48] Undefined property: stdClass::$stable_version - File: /home/customer/www/learnwithcap.com/public_html/wp-content/plugins/wp-staging-pro/Backend/Pro/Licensing/Version.php Line: 122 | Is it Fatal Error? No | Is it Thrown by WP STAGING? Yes
[WP STAGING Shutdown Function][E_NOTICE][2024-07-12 12:15:41] Undefined property: stdClass::$stable_version - File: /home/customer/www/learnwithcap.com/public_html/wp-content/plugins/wp-staging-pro/Backend/Pro/Licensing/Version.php Line: 122 | Is it Fatal Error? No | Is it Thrown by WP STAGING? Yes
[WP STAGING Shutdown Function][E_NOTICE][2024-07-14 10:02:26] Undefined property: stdClass::$stable_version - File: /home/customer/www/learnwithcap.com/public_html/wp-content/plugins/wp-staging-pro/Backend/Pro/Licensing/Version.php Line: 122 | Is it Fatal Error? No | Is it Thrown by WP STAGING? Yes
[WP STAGING Shutdown Function][E_NOTICE][2024-07-15 12:18:44] Undefined property: stdClass::$stable_version - File: /home/customer/www/learnwithcap.com/public_html/wp-content/plugins/wp-staging-pro/Backend/Pro/Licensing/Version.php Line: 122 | Is it Fatal Error? No | Is it Thrown by WP STAGING? Yes
[WP STAGING Shutdown Function][E_NOTICE][2024-07-17 12:09:19] Undefined property: stdClass::$stable_version - File: /home/customer/www/learnwithcap.com/public_html/wp-content/plugins/wp-staging-pro/Backend/Pro/Licensing/Version.php Line: 122 | Is it Fatal Error? No | Is it Thrown by WP STAGING? Yes
[WP STAGING Shutdown Function][E_NOTICE][2024-07-19 12:16:00] Undefined property: stdClass::$stable_version - File: /home/customer/www/learnwithcap.com/public_html/wp-content/plugins/wp-staging-pro/Backend/Pro/Licensing/Version.php Line: 122 | Is it Fatal Error? No | Is it Thrown by WP STAGING? Yes
[WP STAGING Shutdown Function][E_NOTICE][2024-07-21 12:13:28] Undefined property: stdClass::$stable_version - File: /home/customer/www/learnwithcap.com/public_html/wp-content/plugins/wp-staging-pro/Backend/Pro/Licensing/Version.php Line: 122 | Is it Fatal Error? No | Is it Thrown by WP STAGING? Yes
[WP STAGING Shutdown Function][E_NOTICE][2024-07-23 10:07:37] Undefined property: stdClass::$stable_version - File: /home/customer/www/learnwithcap.com/public_html/wp-content/plugins/wp-staging-pro/Backend/Pro/Licensing/Version.php Line: 122 | Is it Fatal Error? No | Is it Thrown by WP STAGING? Yes
[WP STAGING Shutdown Function][E_NOTICE][2024-07-24 12:12:26] Undefined property: stdClass::$stable_version - File: /home/customer/www/learnwithcap.com/public_html/wp-content/plugins/wp-staging-pro/Backend/Pro/Licensing/Version.php Line: 122 | Is it Fatal Error? No | Is it Thrown by WP STAGING? Yes
[WP STAGING Shutdown Function][E_NOTICE][2024-07-26 12:02:33] Undefined property: stdClass::$stable_version - File: /home/customer/www/learnwithcap.com/public_html/wp-content/plugins/wp-staging-pro/Backend/Pro/Licensing/Version.php Line: 122 | Is it Fatal Error? No | Is it Thrown by WP STAGING? Yes
[WP STAGING Shutdown Function][E_NOTICE][2024-07-27 12:44:37] Undefined property: stdClass::$stable_version - File: /home/customer/www/learnwithcap.com/public_html/wp-content/plugins/wp-staging-pro/Backend/Pro/Licensing/Version.php Line: 122 | Is it Fatal Error? No | Is it Thrown by WP STAGING? Yes
[WP STAGING Shutdown Function][E_NOTICE][2024-07-28 16:09:24] Undefined property: stdClass::$stable_version - File: /home/customer/www/learnwithcap.com/public_html/wp-content/plugins/wp-staging-pro/Backend/Pro/Licensing/Version.php Line: 122 | Is it Fatal Error? No | Is it Thrown by WP STAGING? Yes
[WP STAGING Shutdown Function][E_NOTICE][2024-07-30 13:06:47] Undefined property: stdClass::$stable_version - File: /home/customer/www/learnwithcap.com/public_html/wp-content/plugins/wp-staging-pro/Backend/Pro/Licensing/Version.php Line: 122 | Is it Fatal Error? No | Is it Thrown by WP STAGING? Yes
[WP STAGING Shutdown Function][E_NOTICE][2024-08-01 10:10:14] Undefined property: stdClass::$stable_version - File: /home/customer/www/learnwithcap.com/public_html/wp-content/plugins/wp-staging-pro/Backend/Pro/Licensing/Version.php Line: 122 | Is it Fatal Error? No | Is it Thrown by WP STAGING? Yes
[WP STAGING Shutdown Function][E_NOTICE][2024-08-02 10:24:08] Undefined property: stdClass::$stable_version - File: /home/customer/www/learnwithcap.com/public_html/wp-content/plugins/wp-staging-pro/Backend/Pro/Licensing/Version.php Line: 122 | Is it Fatal Error? No | Is it Thrown by WP STAGING? Yes
[WP STAGING Shutdown Function][E_NOTICE][2024-08-04 12:05:20] Undefined property: stdClass::$stable_version - File: /home/customer/www/learnwithcap.com/public_html/wp-content/plugins/wp-staging-pro/Backend/Pro/Licensing/Version.php Line: 122 | Is it Fatal Error? No | Is it Thrown by WP STAGING? Yes
[WP STAGING Shutdown Function][E_NOTICE][2024-08-06 10:50:54] Undefined property: stdClass::$stable_version - File: /home/customer/www/learnwithcap.com/public_html/wp-content/plugins/wp-staging-pro/Backend/Pro/Licensing/Version.php Line: 122 | Is it Fatal Error? No | Is it Thrown by WP STAGING? Yes
[WP STAGING Shutdown Function][E_NOTICE][2024-08-08 10:01:11] Undefined property: stdClass::$stable_version - File: /home/customer/www/learnwithcap.com/public_html/wp-content/plugins/wp-staging-pro/Backend/Pro/Licensing/Version.php Line: 122 | Is it Fatal Error? No | Is it Thrown by WP STAGING? Yes
[WP STAGING Shutdown Function][E_NOTICE][2024-08-09 10:09:27] Undefined property: stdClass::$stable_version - File: /home/customer/www/learnwithcap.com/public_html/wp-content/plugins/wp-staging-pro/Backend/Pro/Licensing/Version.php Line: 122 | Is it Fatal Error? No | Is it Thrown by WP STAGING? Yes
[WP STAGING Shutdown Function][E_NOTICE][2024-08-10 12:10:25] Undefined property: stdClass::$stable_version - File: /home/customer/www/learnwithcap.com/public_html/wp-content/plugins/wp-staging-pro/Backend/Pro/Licensing/Version.php Line: 122 | Is it Fatal Error? No | Is it Thrown by WP STAGING? Yes
[WP STAGING Shutdown Function][E_NOTICE][2024-08-12 11:45:19] Undefined property: stdClass::$stable_version - File: /home/customer/www/learnwithcap.com/public_html/wp-content/plugins/wp-staging-pro/Backend/Pro/Licensing/Version.php Line: 122 | Is it Fatal Error? No | Is it Thrown by WP STAGING? Yes
[WP STAGING Shutdown Function][E_NOTICE][2024-08-14 10:58:26] Undefined property: stdClass::$stable_version - File: /home/customer/www/learnwithcap.com/public_html/wp-content/plugins/wp-staging-pro/Backend/Pro/Licensing/Version.php Line: 122 | Is it Fatal Error? No | Is it Thrown by WP STAGING? Yes
[WP STAGING Shutdown Function][E_NOTICE][2024-08-15 11:07:27] Undefined property: stdClass::$stable_version - File: /home/customer/www/learnwithcap.com/public_html/wp-content/plugins/wp-staging-pro/Backend/Pro/Licensing/Version.php Line: 122 | Is it Fatal Error? No | Is it Thrown by WP STAGING? Yes
[WP STAGING Shutdown Function][E_NOTICE][2024-08-17 11:11:51] Undefined property: stdClass::$stable_version - File: /home/customer/www/learnwithcap.com/public_html/wp-content/plugins/wp-staging-pro/Backend/Pro/Licensing/Version.php Line: 122 | Is it Fatal Error? No | Is it Thrown by WP STAGING? Yes
[WP STAGING Shutdown Function][E_NOTICE][2024-08-18 11:54:47] Undefined property: stdClass::$stable_version - File: /home/customer/www/learnwithcap.com/public_html/wp-content/plugins/wp-staging-pro/Backend/Pro/Licensing/Version.php Line: 122 | Is it Fatal Error? No | Is it Thrown by WP STAGING? Yes
[WP STAGING Shutdown Function][E_NOTICE][2024-08-20 12:01:11] Undefined property: stdClass::$stable_version - File: /home/customer/www/learnwithcap.com/public_html/wp-content/plugins/wp-staging-pro/Backend/Pro/Licensing/Version.php Line: 122 | Is it Fatal Error? No | Is it Thrown by WP STAGING? Yes
[WP STAGING Shutdown Function][E_WARNING][2024-08-22 10:06:24] Undefined property: stdClass::$stable_version - File: /home/customer/www/learnwithcap.com/public_html/wp-content/plugins/wp-staging-pro/Backend/Pro/Licensing/Version.php Line: 122 | Is it Fatal Error? No | Is it Thrown by WP STAGING? Yes
[WP STAGING Shutdown Function][E_WARNING][2024-08-23 11:30:07] Undefined property: stdClass::$stable_version - File: /home/customer/www/learnwithcap.com/public_html/wp-content/plugins/wp-staging-pro/Backend/Pro/Licensing/Version.php Line: 122 | Is it Fatal Error? No | Is it Thrown by WP STAGING? Yes
[WP STAGING Shutdown Function][E_WARNING][2024-08-25 12:00:55] Undefined property: stdClass::$stable_version - File: /home/customer/www/learnwithcap.com/public_html/wp-content/plugins/wp-staging-pro/Backend/Pro/Licensing/Version.php Line: 122 | Is it Fatal Error? No | Is it Thrown by WP STAGING? Yes
[WP STAGING Shutdown Function][E_WARNING][2024-08-27 09:59:45] Undefined property: stdClass::$stable_version - File: /home/customer/www/learnwithcap.com/public_html/wp-content/plugins/wp-staging-pro/Backend/Pro/Licensing/Version.php Line: 122 | Is it Fatal Error? No | Is it Thrown by WP STAGING? Yes
[WP STAGING Shutdown Function][E_ERROR][2024-08-27 14:42:15] Uncaught Error: Undefined constant "php" in /home/customer/www/learnwithcap.com/public_html/wp-content/plugins/masterstudy-lms-learning-management-system-pro/stm-lms-templates/course/modern.php:186
Stack trace:
#0 /home/customer/www/learnwithcap.com/public_html/wp-content/plugins/masterstudy-lms-learning-management-system/_core/lms/classes/templates.php(149): include()
#1 /home/customer/www/learnwithcap.com/public_html/wp-content/plugins/masterstudy-lms-learning-management-system/_core/lms/classes/templates.php(157): STM_LMS_Templates::load_lms_template('course/modern', Array)
#2 /home/customer/www/learnwithcap.com/public_html/wp-content/plugins/masterstudy-lms-learning-management-system-pro/includes/classes/class-courses.php(40): STM_LMS_Templates::show_lms_template('course/modern')
#3 /home/customer/www/learnwithcap.com/public_html/wp-includes/class-wp-hook.php(324): STM_LMS_Courses_Pro::single_course('')
#4 /home/customer/www/learnwithcap.com/public_html/wp-includes/class-wp-hook.php(348): WP_Hook->apply_filters('', Array)
#5 /home/customer/www/learnwithcap.com/public_html/wp-includes/plugin.php(517): WP_Hook->do_action(Array)
#6 /home/customer/www/learnwithcap.com/public_html/wp-content/plugins/masterstudy-lms-learning-management-system/_core/stm-lms-templates/masterstudy-lms-learning-management-system.php(18): do_action('stm-lms-content...')
#7 /home/customer/www/learnwithcap.com/public_html/wp-includes/template-loader.php(106): include('/home/customer/...')
#8 /home/customer/www/learnwithcap.com/public_html/wp-blog-header.php(19): require_once('/home/customer/...')
#9 /home/customer/www/learnwithcap.com/public_html/index.php(17): require('/home/customer/...')
#10 {main}
  thrown - File: /home/customer/www/learnwithcap.com/public_html/wp-content/plugins/masterstudy-lms-learning-management-system-pro/stm-lms-templates/course/modern.php Line: 186 | Is it Fatal Error? Yes | Is it Thrown by WP STAGING? No
[WP STAGING Shutdown Function][E_ERROR][2024-08-27 14:42:24] Uncaught Error: Undefined constant "php" in /home/customer/www/learnwithcap.com/public_html/wp-content/plugins/masterstudy-lms-learning-management-system-pro/stm-lms-templates/course/modern.php:186
Stack trace:
#0 /home/customer/www/learnwithcap.com/public_html/wp-content/plugins/masterstudy-lms-learning-management-system/_core/lms/classes/templates.php(149): include()
#1 /home/customer/www/learnwithcap.com/public_html/wp-content/plugins/masterstudy-lms-learning-management-system/_core/lms/classes/templates.php(157): STM_LMS_Templates::load_lms_template('course/modern', Array)
#2 /home/customer/www/learnwithcap.com/public_html/wp-content/plugins/masterstudy-lms-learning-management-system-pro/includes/classes/class-courses.php(40): STM_LMS_Templates::show_lms_template('course/modern')
#3 /home/customer/www/learnwithcap.com/public_html/wp-includes/class-wp-hook.php(324): STM_LMS_Courses_Pro::single_course('')
#4 /home/customer/www/learnwithcap.com/public_html/wp-includes/class-wp-hook.php(348): WP_Hook->apply_filters('', Array)
#5 /home/customer/www/learnwithcap.com/public_html/wp-includes/plugin.php(517): WP_Hook->do_action(Array)
#6 /home/customer/www/learnwithcap.com/public_html/wp-content/plugins/masterstudy-lms-learning-management-system/_core/stm-lms-templates/masterstudy-lms-learning-management-system.php(18): do_action('stm-lms-content...')
#7 /home/customer/www/learnwithcap.com/public_html/wp-includes/template-loader.php(106): include('/home/customer/...')
#8 /home/customer/www/learnwithcap.com/public_html/wp-blog-header.php(19): require_once('/home/customer/...')
#9 /home/customer/www/learnwithcap.com/public_html/index.php(17): require('/home/customer/...')
#10 {main}
  thrown - File: /home/customer/www/learnwithcap.com/public_html/wp-content/plugins/masterstudy-lms-learning-management-system-pro/stm-lms-templates/course/modern.php Line: 186 | Is it Fatal Error? Yes | Is it Thrown by WP STAGING? No
[WP STAGING Shutdown Function][E_ERROR][2024-08-27 14:43:17] Uncaught Error: Undefined constant "php" in /home/customer/www/learnwithcap.com/public_html/wp-content/plugins/masterstudy-lms-learning-management-system-pro/stm-lms-templates/course/modern.php:178
Stack trace:
#0 /home/customer/www/learnwithcap.com/public_html/wp-content/plugins/masterstudy-lms-learning-management-system/_core/lms/classes/templates.php(149): include()
#1 /home/customer/www/learnwithcap.com/public_html/wp-content/plugins/masterstudy-lms-learning-management-system/_core/lms/classes/templates.php(157): STM_LMS_Templates::load_lms_template('course/modern', Array)
#2 /home/customer/www/learnwithcap.com/public_html/wp-content/plugins/masterstudy-lms-learning-management-system-pro/includes/classes/class-courses.php(40): STM_LMS_Templates::show_lms_template('course/modern')
#3 /home/customer/www/learnwithcap.com/public_html/wp-includes/class-wp-hook.php(324): STM_LMS_Courses_Pro::single_course('')
#4 /home/customer/www/learnwithcap.com/public_html/wp-includes/class-wp-hook.php(348): WP_Hook->apply_filters('', Array)
#5 /home/customer/www/learnwithcap.com/public_html/wp-includes/plugin.php(517): WP_Hook->do_action(Array)
#6 /home/customer/www/learnwithcap.com/public_html/wp-content/plugins/masterstudy-lms-learning-management-system/_core/stm-lms-templates/masterstudy-lms-learning-management-system.php(18): do_action('stm-lms-content...')
#7 /home/customer/www/learnwithcap.com/public_html/wp-includes/template-loader.php(106): include('/home/customer/...')
#8 /home/customer/www/learnwithcap.com/public_html/wp-blog-header.php(19): require_once('/home/customer/...')
#9 /home/customer/www/learnwithcap.com/public_html/index.php(17): require('/home/customer/...')
#10 {main}
  thrown - File: /home/customer/www/learnwithcap.com/public_html/wp-content/plugins/masterstudy-lms-learning-management-system-pro/stm-lms-templates/course/modern.php Line: 178 | Is it Fatal Error? Yes | Is it Thrown by WP STAGING? No
[WP STAGING Shutdown Function][E_ERROR][2024-08-27 14:43:37] Uncaught Error: Undefined constant "php" in /home/customer/www/learnwithcap.com/public_html/wp-content/plugins/masterstudy-lms-learning-management-system-pro/stm-lms-templates/course/modern.php:177
Stack trace:
#0 /home/customer/www/learnwithcap.com/public_html/wp-content/plugins/masterstudy-lms-learning-management-system/_core/lms/classes/templates.php(149): include()
#1 /home/customer/www/learnwithcap.com/public_html/wp-content/plugins/masterstudy-lms-learning-management-system/_core/lms/classes/templates.php(157): STM_LMS_Templates::load_lms_template('course/modern', Array)
#2 /home/customer/www/learnwithcap.com/public_html/wp-content/plugins/masterstudy-lms-learning-management-system-pro/includes/classes/class-courses.php(40): STM_LMS_Templates::show_lms_template('course/modern')
#3 /home/customer/www/learnwithcap.com/public_html/wp-includes/class-wp-hook.php(324): STM_LMS_Courses_Pro::single_course('')
#4 /home/customer/www/learnwithcap.com/public_html/wp-includes/class-wp-hook.php(348): WP_Hook->apply_filters('', Array)
#5 /home/customer/www/learnwithcap.com/public_html/wp-includes/plugin.php(517): WP_Hook->do_action(Array)
#6 /home/customer/www/learnwithcap.com/public_html/wp-content/plugins/masterstudy-lms-learning-management-system/_core/stm-lms-templates/masterstudy-lms-learning-management-system.php(18): do_action('stm-lms-content...')
#7 /home/customer/www/learnwithcap.com/public_html/wp-includes/template-loader.php(106): include('/home/customer/...')
#8 /home/customer/www/learnwithcap.com/public_html/wp-blog-header.php(19): require_once('/home/customer/...')
#9 /home/customer/www/learnwithcap.com/public_html/index.php(17): require('/home/customer/...')
#10 {main}
  thrown - File: /home/customer/www/learnwithcap.com/public_html/wp-content/plugins/masterstudy-lms-learning-management-system-pro/stm-lms-templates/course/modern.php Line: 177 | Is it Fatal Error? Yes | Is it Thrown by WP STAGING? No
[WP STAGING Shutdown Function][E_ERROR][2024-08-27 14:43:43] Uncaught Error: Undefined constant "php" in /home/customer/www/learnwithcap.com/public_html/wp-content/plugins/masterstudy-lms-learning-management-system-pro/stm-lms-templates/course/modern.php:177
Stack trace:
#0 /home/customer/www/learnwithcap.com/public_html/wp-content/plugins/masterstudy-lms-learning-management-system/_core/lms/classes/templates.php(149): include()
#1 /home/customer/www/learnwithcap.com/public_html/wp-content/plugins/masterstudy-lms-learning-management-system/_core/lms/classes/templates.php(157): STM_LMS_Templates::load_lms_template('course/modern', Array)
#2 /home/customer/www/learnwithcap.com/public_html/wp-content/plugins/masterstudy-lms-learning-management-system-pro/includes/classes/class-courses.php(40): STM_LMS_Templates::show_lms_template('course/modern')
#3 /home/customer/www/learnwithcap.com/public_html/wp-includes/class-wp-hook.php(324): STM_LMS_Courses_Pro::single_course('')
#4 /home/customer/www/learnwithcap.com/public_html/wp-includes/class-wp-hook.php(348): WP_Hook->apply_filters('', Array)
#5 /home/customer/www/learnwithcap.com/public_html/wp-includes/plugin.php(517): WP_Hook->do_action(Array)
#6 /home/customer/www/learnwithcap.com/public_html/wp-content/plugins/masterstudy-lms-learning-management-system/_core/stm-lms-templates/masterstudy-lms-learning-management-system.php(18): do_action('stm-lms-content...')
#7 /home/customer/www/learnwithcap.com/public_html/wp-includes/template-loader.php(106): include('/home/customer/...')
#8 /home/customer/www/learnwithcap.com/public_html/wp-blog-header.php(19): require_once('/home/customer/...')
#9 /home/customer/www/learnwithcap.com/public_html/index.php(17): require('/home/customer/...')
#10 {main}
  thrown - File: /home/customer/www/learnwithcap.com/public_html/wp-content/plugins/masterstudy-lms-learning-management-system-pro/stm-lms-templates/course/modern.php Line: 177 | Is it Fatal Error? Yes | Is it Thrown by WP STAGING? No
[WP STAGING Shutdown Function][E_ERROR][2024-08-27 14:43:52] Uncaught Error: Undefined constant "php" in /home/customer/www/learnwithcap.com/public_html/wp-content/plugins/masterstudy-lms-learning-management-system-pro/stm-lms-templates/course/modern.php:177
Stack trace:
#0 /home/customer/www/learnwithcap.com/public_html/wp-content/plugins/masterstudy-lms-learning-management-system/_core/lms/classes/templates.php(149): include()
#1 /home/customer/www/learnwithcap.com/public_html/wp-content/plugins/masterstudy-lms-learning-management-system/_core/lms/classes/templates.php(157): STM_LMS_Templates::load_lms_template('course/modern', Array)
#2 /home/customer/www/learnwithcap.com/public_html/wp-content/plugins/masterstudy-lms-learning-management-system-pro/includes/classes/class-courses.php(40): STM_LMS_Templates::show_lms_template('course/modern')
#3 /home/customer/www/learnwithcap.com/public_html/wp-includes/class-wp-hook.php(324): STM_LMS_Courses_Pro::single_course('')
#4 /home/customer/www/learnwithcap.com/public_html/wp-includes/class-wp-hook.php(348): WP_Hook->apply_filters('', Array)
#5 /home/customer/www/learnwithcap.com/public_html/wp-includes/plugin.php(517): WP_Hook->do_action(Array)
#6 /home/customer/www/learnwithcap.com/public_html/wp-content/plugins/masterstudy-lms-learning-management-system/_core/stm-lms-templates/masterstudy-lms-learning-management-system.php(18): do_action('stm-lms-content...')
#7 /home/customer/www/learnwithcap.com/public_html/wp-includes/template-loader.php(106): include('/home/customer/...')
#8 /home/customer/www/learnwithcap.com/public_html/wp-blog-header.php(19): require_once('/home/customer/...')
#9 /home/customer/www/learnwithcap.com/public_html/index.php(17): require('/home/customer/...')
#10 {main}
  thrown - File: /home/customer/www/learnwithcap.com/public_html/wp-content/plugins/masterstudy-lms-learning-management-system-pro/stm-lms-templates/course/modern.php Line: 177 | Is it Fatal Error? Yes | Is it Thrown by WP STAGING? No
[WP STAGING Shutdown Function][E_ERROR][2024-08-27 14:44:01] Uncaught Error: Undefined constant "php" in /home/customer/www/learnwithcap.com/public_html/wp-content/plugins/masterstudy-lms-learning-management-system-pro/stm-lms-templates/course/modern.php:177
Stack trace:
#0 /home/customer/www/learnwithcap.com/public_html/wp-content/plugins/masterstudy-lms-learning-management-system/_core/lms/classes/templates.php(149): include()
#1 /home/customer/www/learnwithcap.com/public_html/wp-content/plugins/masterstudy-lms-learning-management-system/_core/lms/classes/templates.php(157): STM_LMS_Templates::load_lms_template('course/modern', Array)
#2 /home/customer/www/learnwithcap.com/public_html/wp-content/plugins/masterstudy-lms-learning-management-system-pro/includes/classes/class-courses.php(40): STM_LMS_Templates::show_lms_template('course/modern')
#3 /home/customer/www/learnwithcap.com/public_html/wp-includes/class-wp-hook.php(324): STM_LMS_Courses_Pro::single_course('')
#4 /home/customer/www/learnwithcap.com/public_html/wp-includes/class-wp-hook.php(348): WP_Hook->apply_filters('', Array)
#5 /home/customer/www/learnwithcap.com/public_html/wp-includes/plugin.php(517): WP_Hook->do_action(Array)
#6 /home/customer/www/learnwithcap.com/public_html/wp-content/plugins/masterstudy-lms-learning-management-system/_core/stm-lms-templates/masterstudy-lms-learning-management-system.php(18): do_action('stm-lms-content...')
#7 /home/customer/www/learnwithcap.com/public_html/wp-includes/template-loader.php(106): include('/home/customer/...')
#8 /home/customer/www/learnwithcap.com/public_html/wp-blog-header.php(19): require_once('/home/customer/...')
#9 /home/customer/www/learnwithcap.com/public_html/index.php(17): require('/home/customer/...')
#10 {main}
  thrown - File: /home/customer/www/learnwithcap.com/public_html/wp-content/plugins/masterstudy-lms-learning-management-system-pro/stm-lms-templates/course/modern.php Line: 177 | Is it Fatal Error? Yes | Is it Thrown by WP STAGING? No
[WP STAGING Shutdown Function][E_WARNING][2024-08-28 12:00:25] Undefined property: stdClass::$stable_version - File: /home/customer/www/learnwithcap.com/public_html/wp-content/plugins/wp-staging-pro/Backend/Pro/Licensing/Version.php Line: 122 | Is it Fatal Error? No | Is it Thrown by WP STAGING? Yes
[WP STAGING Shutdown Function][E_WARNING][2024-08-30 10:34:16] Undefined property: stdClass::$stable_version - File: /home/customer/www/learnwithcap.com/public_html/wp-content/plugins/wp-staging-pro/Backend/Pro/Licensing/Version.php Line: 122 | Is it Fatal Error? No | Is it Thrown by WP STAGING? Yes
[WP STAGING Shutdown Function][E_WARNING][2024-08-31 10:58:28] Undefined property: stdClass::$stable_version - File: /home/customer/www/learnwithcap.com/public_html/wp-content/plugins/wp-staging-pro/Backend/Pro/Licensing/Version.php Line: 122 | Is it Fatal Error? No | Is it Thrown by WP STAGING? Yes
[WP STAGING Shutdown Function][E_WARNING][2024-09-01 12:20:18] Undefined property: stdClass::$stable_version - File: /home/customer/www/learnwithcap.com/public_html/wp-content/plugins/wp-staging-pro/Backend/Pro/Licensing/Version.php Line: 122 | Is it Fatal Error? No | Is it Thrown by WP STAGING? Yes
[WP STAGING Shutdown Function][E_WARNING][2024-09-03 10:49:56] Undefined property: stdClass::$stable_version - File: /home/customer/www/learnwithcap.com/public_html/wp-content/plugins/wp-staging-pro/Backend/Pro/Licensing/Version.php Line: 122 | Is it Fatal Error? No | Is it Thrown by WP STAGING? Yes
[WP STAGING Shutdown Function][E_WARNING][2024-09-05 10:28:23] Undefined property: stdClass::$stable_version - File: /home/customer/www/learnwithcap.com/public_html/wp-content/plugins/wp-staging-pro/Backend/Pro/Licensing/Version.php Line: 122 | Is it Fatal Error? No | Is it Thrown by WP STAGING? Yes
[WP STAGING Shutdown Function][E_WARNING][2024-09-06 10:42:31] Undefined property: stdClass::$stable_version - File: /home/customer/www/learnwithcap.com/public_html/wp-content/plugins/wp-staging-pro/Backend/Pro/Licensing/Version.php Line: 122 | Is it Fatal Error? No | Is it Thrown by WP STAGING? Yes
[WP STAGING Shutdown Function][E_WARNING][2024-09-07 10:55:08] Undefined property: stdClass::$stable_version - File: /home/customer/www/learnwithcap.com/public_html/wp-content/plugins/wp-staging-pro/Backend/Pro/Licensing/Version.php Line: 122 | Is it Fatal Error? No | Is it Thrown by WP STAGING? Yes
[WP STAGING Shutdown Function][E_WARNING][2024-09-09 10:57:13] Undefined property: stdClass::$stable_version - File: /home/customer/www/learnwithcap.com/public_html/wp-content/plugins/wp-staging-pro/Backend/Pro/Licensing/Version.php Line: 122 | Is it Fatal Error? No | Is it Thrown by WP STAGING? Yes
[WP STAGING Shutdown Function][E_WARNING][2024-09-10 12:01:21] Undefined property: stdClass::$stable_version - File: /home/customer/www/learnwithcap.com/public_html/wp-content/plugins/wp-staging-pro/Backend/Pro/Licensing/Version.php Line: 122 | Is it Fatal Error? No | Is it Thrown by WP STAGING? Yes
[WP STAGING Shutdown Function][E_WARNING][2024-09-12 10:45:43] Undefined property: stdClass::$stable_version - File: /home/customer/www/learnwithcap.com/public_html/wp-content/plugins/wp-staging-pro/Backend/Pro/Licensing/Version.php Line: 122 | Is it Fatal Error? No | Is it Thrown by WP STAGING? Yes
[WP STAGING Shutdown Function][E_WARNING][2024-09-14 09:59:48] Undefined property: stdClass::$stable_version - File: /home/customer/www/learnwithcap.com/public_html/wp-content/plugins/wp-staging-pro/Backend/Pro/Licensing/Version.php Line: 122 | Is it Fatal Error? No | Is it Thrown by WP STAGING? Yes
[WP STAGING Shutdown Function][E_PARSE][2024-09-14 16:38:52] syntax error, unexpected token "<", expecting end of file - File: /home/customer/www/learnwithcap.com/public_html/wp-content/plugins/masterstudy-lms-learning-management-system/_core/stm-lms-templates/courses/parts/meta.php Line: 9 | Is it Fatal Error? Yes | Is it Thrown by WP STAGING? No
[WP STAGING Shutdown Function][E_PARSE][2024-09-14 16:39:02] syntax error, unexpected token "<", expecting end of file - File: /home/customer/www/learnwithcap.com/public_html/wp-content/plugins/masterstudy-lms-learning-management-system/_core/stm-lms-templates/courses/parts/meta.php Line: 9 | Is it Fatal Error? Yes | Is it Thrown by WP STAGING? No
[WP STAGING Shutdown Function][E_ERROR][2024-09-14 17:27:10] Uncaught TypeError: implode(): Argument #1 ($array) must be of type array, string given in /home/customer/www/learnwithcap.com/public_html/wp-content/plugins/masterstudy-lms-learning-management-system-pro/stm-lms-templates/course/modern.php:76
Stack trace:
#0 /home/customer/www/learnwithcap.com/public_html/wp-content/plugins/masterstudy-lms-learning-management-system-pro/stm-lms-templates/course/modern.php(76): implode(' ', NULL)
#1 /home/customer/www/learnwithcap.com/public_html/wp-content/plugins/masterstudy-lms-learning-management-system/_core/lms/classes/templates.php(149): include('/home/customer/...')
#2 /home/customer/www/learnwithcap.com/public_html/wp-content/plugins/masterstudy-lms-learning-management-system/_core/lms/classes/templates.php(157): STM_LMS_Templates::load_lms_template('course/modern', Array)
#3 /home/customer/www/learnwithcap.com/public_html/wp-content/plugins/masterstudy-lms-learning-management-system-pro/includes/classes/class-courses.php(40): STM_LMS_Templates::show_lms_template('course/modern')
#4 /home/customer/www/learnwithcap.com/public_html/wp-includes/class-wp-hook.php(324): STM_LMS_Courses_Pro::single_course('')
#5 /home/customer/www/learnwithcap.com/public_html/wp-includes/class-wp-hook.php(348): WP_Hook->apply_filters('', Array)
#6 /home/customer/www/learnwithcap.com/public_html/wp-includes/plugin.php(517): WP_Hook->do_action(Array)
#7 /home/customer/www/learnwithcap.com/public_html/wp-content/plugins/masterstudy-lms-learning-management-system/_core/stm-lms-templates/masterstudy-lms-learning-management-system.php(18): do_action('stm-lms-content...')
#8 /home/customer/www/learnwithcap.com/public_html/wp-includes/template-loader.php(106): include('/home/customer/...')
#9 /home/customer/www/learnwithcap.com/public_html/wp-blog-header.php(19): require_once('/home/customer/...')
#10 /home/customer/www/learnwithcap.com/public_html/index.php(17): require('/home/customer/...')
#11 {main}
  thrown - File: /home/customer/www/learnwithcap.com/public_html/wp-content/plugins/masterstudy-lms-learning-management-system-pro/stm-lms-templates/course/modern.php Line: 76 | Is it Fatal Error? Yes | Is it Thrown by WP STAGING? No
[WP STAGING Shutdown Function][E_ERROR][2024-09-14 17:28:54] Uncaught TypeError: implode(): Argument #1 ($array) must be of type array, string given in /home/customer/www/learnwithcap.com/public_html/wp-content/plugins/masterstudy-lms-learning-management-system-pro/stm-lms-templates/course/modern.php:76
Stack trace:
#0 /home/customer/www/learnwithcap.com/public_html/wp-content/plugins/masterstudy-lms-learning-management-system-pro/stm-lms-templates/course/modern.php(76): implode(' ', NULL)
#1 /home/customer/www/learnwithcap.com/public_html/wp-content/plugins/masterstudy-lms-learning-management-system/_core/lms/classes/templates.php(149): include('/home/customer/...')
#2 /home/customer/www/learnwithcap.com/public_html/wp-content/plugins/masterstudy-lms-learning-management-system/_core/lms/classes/templates.php(157): STM_LMS_Templates::load_lms_template('course/modern', Array)
#3 /home/customer/www/learnwithcap.com/public_html/wp-content/plugins/masterstudy-lms-learning-management-system-pro/includes/classes/class-courses.php(40): STM_LMS_Templates::show_lms_template('course/modern')
#4 /home/customer/www/learnwithcap.com/public_html/wp-includes/class-wp-hook.php(324): STM_LMS_Courses_Pro::single_course('')
#5 /home/customer/www/learnwithcap.com/public_html/wp-includes/class-wp-hook.php(348): WP_Hook->apply_filters('', Array)
#6 /home/customer/www/learnwithcap.com/public_html/wp-includes/plugin.php(517): WP_Hook->do_action(Array)
#7 /home/customer/www/learnwithcap.com/public_html/wp-content/plugins/masterstudy-lms-learning-management-system/_core/stm-lms-templates/masterstudy-lms-learning-management-system.php(18): do_action('stm-lms-content...')
#8 /home/customer/www/learnwithcap.com/public_html/wp-includes/template-loader.php(106): include('/home/customer/...')
#9 /home/customer/www/learnwithcap.com/public_html/wp-blog-header.php(19): require_once('/home/customer/...')
#10 /home/customer/www/learnwithcap.com/public_html/index.php(17): require('/home/customer/...')
#11 {main}
  thrown - File: /home/customer/www/learnwithcap.com/public_html/wp-content/plugins/masterstudy-lms-learning-management-system-pro/stm-lms-templates/course/modern.php Line: 76 | Is it Fatal Error? Yes | Is it Thrown by WP STAGING? No
[WP STAGING Shutdown Function][E_WARNING][2024-09-15 10:00:08] Undefined property: stdClass::$stable_version - File: /home/customer/www/learnwithcap.com/public_html/wp-content/plugins/wp-staging-pro/Backend/Pro/Licensing/Version.php Line: 122 | Is it Fatal Error? No | Is it Thrown by WP STAGING? Yes
[WP STAGING Shutdown Function][E_WARNING][2024-09-16 10:31:57] Undefined property: stdClass::$stable_version - File: /home/customer/www/learnwithcap.com/public_html/wp-content/plugins/wp-staging-pro/Backend/Pro/Licensing/Version.php Line: 122 | Is it Fatal Error? No | Is it Thrown by WP STAGING? Yes
[WP STAGING Shutdown Function][E_WARNING][2024-09-18 10:02:58] Undefined property: stdClass::$stable_version - File: /home/customer/www/learnwithcap.com/public_html/wp-content/plugins/wp-staging-pro/Backend/Pro/Licensing/Version.php Line: 122 | Is it Fatal Error? No | Is it Thrown by WP STAGING? Yes
[WP STAGING Shutdown Function][E_WARNING][2024-09-19 10:21:20] Undefined property: stdClass::$stable_version - File: /home/customer/www/learnwithcap.com/public_html/wp-content/plugins/wp-staging-pro/Backend/Pro/Licensing/Version.php Line: 122 | Is it Fatal Error? No | Is it Thrown by WP STAGING? Yes
[WP STAGING Shutdown Function][E_WARNING][2024-09-20 11:57:53] Undefined property: stdClass::$stable_version - File: /home/customer/www/learnwithcap.com/public_html/wp-content/plugins/wp-staging-pro/Backend/Pro/Licensing/Version.php Line: 122 | Is it Fatal Error? No | Is it Thrown by WP STAGING? Yes
[WP STAGING Shutdown Function][E_WARNING][2024-09-22 12:06:14] Undefined property: stdClass::$stable_version - File: /home/customer/www/learnwithcap.com/public_html/wp-content/plugins/wp-staging-pro/Backend/Pro/Licensing/Version.php Line: 122 | Is it Fatal Error? No | Is it Thrown by WP STAGING? Yes
[WP STAGING Shutdown Function][E_WARNING][2024-09-24 10:36:49] Undefined property: stdClass::$stable_version - File: /home/customer/www/learnwithcap.com/public_html/wp-content/plugins/wp-staging-pro/Backend/Pro/Licensing/Version.php Line: 122 | Is it Fatal Error? No | Is it Thrown by WP STAGING? Yes
[WP STAGING Shutdown Function][E_WARNING][2024-09-25 10:39:08] Undefined property: stdClass::$stable_version - File: /home/customer/www/learnwithcap.com/public_html/wp-content/plugins/wp-staging-pro/Backend/Pro/Licensing/Version.php Line: 122 | Is it Fatal Error? No | Is it Thrown by WP STAGING? Yes
[WP STAGING Shutdown Function][E_WARNING][2024-09-26 11:53:08] Undefined property: stdClass::$stable_version - File: /home/customer/www/learnwithcap.com/public_html/wp-content/plugins/wp-staging-pro/Backend/Pro/Licensing/Version.php Line: 122 | Is it Fatal Error? No | Is it Thrown by WP STAGING? Yes
[WP STAGING Shutdown Function][E_WARNING][2024-09-28 11:40:41] Undefined property: stdClass::$stable_version - File: /home/customer/www/learnwithcap.com/public_html/wp-content/plugins/wp-staging-pro/Backend/Pro/Licensing/Version.php Line: 122 | Is it Fatal Error? No | Is it Thrown by WP STAGING? Yes
[WP STAGING Shutdown Function][E_WARNING][2024-09-30 12:04:21] Undefined property: stdClass::$stable_version - File: /home/customer/www/learnwithcap.com/public_html/wp-content/plugins/wp-staging-pro/Backend/Pro/Licensing/Version.php Line: 122 | Is it Fatal Error? No | Is it Thrown by WP STAGING? Yes
[WP STAGING Shutdown Function][E_WARNING][2024-10-02 11:59:25] Undefined property: stdClass::$stable_version - File: /home/customer/www/learnwithcap.com/public_html/wp-content/plugins/wp-staging-pro/Backend/Pro/Licensing/Version.php Line: 122 | Is it Fatal Error? No | Is it Thrown by WP STAGING? Yes
[WP STAGING Shutdown Function][E_WARNING][2024-10-03 12:06:45] Undefined property: stdClass::$stable_version - File: /home/customer/www/learnwithcap.com/public_html/wp-content/plugins/wp-staging-pro/Backend/Pro/Licensing/Version.php Line: 122 | Is it Fatal Error? No | Is it Thrown by WP STAGING? Yes
[WP STAGING Shutdown Function][E_WARNING][2024-10-05 10:04:41] Undefined property: stdClass::$stable_version - File: /home/customer/www/learnwithcap.com/public_html/wp-content/plugins/wp-staging-pro/Backend/Pro/Licensing/Version.php Line: 122 | Is it Fatal Error? No | Is it Thrown by WP STAGING? Yes
[WP STAGING Shutdown Function][E_WARNING][2024-10-06 10:33:59] Undefined property: stdClass::$stable_version - File: /home/customer/www/learnwithcap.com/public_html/wp-content/plugins/wp-staging-pro/Backend/Pro/Licensing/Version.php Line: 122 | Is it Fatal Error? No | Is it Thrown by WP STAGING? Yes
[WP STAGING Shutdown Function][E_WARNING][2024-10-07 11:17:59] Undefined property: stdClass::$stable_version - File: /home/customer/www/learnwithcap.com/public_html/wp-content/plugins/wp-staging-pro/Backend/Pro/Licensing/Version.php Line: 122 | Is it Fatal Error? No | Is it Thrown by WP STAGING? Yes
[WP STAGING Shutdown Function][E_WARNING][2024-10-08 11:32:38] Undefined property: stdClass::$stable_version - File: /home/customer/www/learnwithcap.com/public_html/wp-content/plugins/wp-staging-pro/Backend/Pro/Licensing/Version.php Line: 122 | Is it Fatal Error? No | Is it Thrown by WP STAGING? Yes
[WP STAGING Shutdown Function][E_WARNING][2024-10-09 11:55:39] Undefined property: stdClass::$stable_version - File: /home/customer/www/learnwithcap.com/public_html/wp-content/plugins/wp-staging-pro/Backend/Pro/Licensing/Version.php Line: 122 | Is it Fatal Error? No | Is it Thrown by WP STAGING? Yes
[WP STAGING Shutdown Function][E_WARNING][2024-10-11 10:10:25] Undefined property: stdClass::$stable_version - File: /home/customer/www/learnwithcap.com/public_html/wp-content/plugins/wp-staging-pro/Backend/Pro/Licensing/Version.php Line: 122 | Is it Fatal Error? No | Is it Thrown by WP STAGING? Yes
